INFO:root:Loading model whisper
INFO:root:Setting transformers seed to 42 for reproducibility.
Traceback (most recent call last):
  File "/home/feysab/.local/lib/python3.10/site-packages/transformers/utils/import_utils.py", line 2317, in __getattr__
    module = self._get_module(self._class_to_module[name])
  File "/home/feysab/.local/lib/python3.10/site-packages/transformers/utils/import_utils.py", line 2347, in _get_module
    raise e
  File "/home/feysab/.local/lib/python3.10/site-packages/transformers/utils/import_utils.py", line 2345, in _get_module
    return importlib.import_module("." + module_name, self.__name__)
  File "/usr/lib/python3.10/importlib/__init__.py", line 126, in import_module
    return _bootstrap._gcd_import(name[level:], package, level)
  File "<frozen importlib._bootstrap>", line 1050, in _gcd_import
  File "<frozen importlib._bootstrap>", line 1027, in _find_and_load
  File "<frozen importlib._bootstrap>", line 1006, in _find_and_load_unlocked
  File "<frozen importlib._bootstrap>", line 688, in _load_unlocked
  File "<frozen importlib._bootstrap_external>", line 883, in exec_module
  File "<frozen importlib._bootstrap>", line 241, in _call_with_frames_removed
  File "/home/feysab/.local/lib/python3.10/site-packages/transformers/integrations/ggml.py", line 24, in <module>
    from tokenizers import Tokenizer, decoders, normalizers, pre_tokenizers, processors
  File "/home/feysab/.local/lib/python3.10/site-packages/tokenizers/__init__.py", line 78, in <module>
    from .tokenizers import (
ModuleNotFoundError: No module named 'tokenizers.tokenizers'

The above exception was the direct cause of the following exception:

Traceback (most recent call last):
  File "/home/feysab/.local/lib/python3.10/site-packages/transformers/utils/import_utils.py", line 2317, in __getattr__
    module = self._get_module(self._class_to_module[name])
  File "/home/feysab/.local/lib/python3.10/site-packages/transformers/utils/import_utils.py", line 2347, in _get_module
    raise e
  File "/home/feysab/.local/lib/python3.10/site-packages/transformers/utils/import_utils.py", line 2345, in _get_module
    return importlib.import_module("." + module_name, self.__name__)
  File "/usr/lib/python3.10/importlib/__init__.py", line 126, in import_module
    return _bootstrap._gcd_import(name[level:], package, level)
  File "<frozen importlib._bootstrap>", line 1050, in _gcd_import
  File "<frozen importlib._bootstrap>", line 1027, in _find_and_load
  File "<frozen importlib._bootstrap>", line 1006, in _find_and_load_unlocked
  File "<frozen importlib._bootstrap>", line 688, in _load_unlocked
  File "<frozen importlib._bootstrap_external>", line 883, in exec_module
  File "<frozen importlib._bootstrap>", line 241, in _call_with_frames_removed
  File "/home/feysab/.local/lib/python3.10/site-packages/transformers/pipelines/__init__.py", line 23, in <module>
    from ..configuration_utils import PretrainedConfig
  File "/home/feysab/.local/lib/python3.10/site-packages/transformers/configuration_utils.py", line 27, in <module>
    from .modeling_gguf_pytorch_utils import load_gguf_checkpoint
  File "/home/feysab/.local/lib/python3.10/site-packages/transformers/modeling_gguf_pytorch_utils.py", line 22, in <module>
    from .integrations import (
  File "/home/feysab/.local/lib/python3.10/site-packages/transformers/utils/import_utils.py", line 2320, in __getattr__
    raise ModuleNotFoundError(
ModuleNotFoundError: Could not import module 'GGUF_CONFIG_MAPPING'. Are this object's requirements defined correctly?

The above exception was the direct cause of the following exception:

Traceback (most recent call last):
  File "/lnet/aic/personal/feysab/NPFL101/hearing2translate/infer.py", line 242, in <module>
    infer(args)
  File "/lnet/aic/personal/feysab/NPFL101/hearing2translate/infer.py", line 156, in infer
    model, generate = setup_model(args.model, modality)
  File "/lnet/aic/personal/feysab/NPFL101/hearing2translate/infer.py", line 59, in setup_model
    module = importlib.import_module(module_name)
  File "/usr/lib/python3.10/importlib/__init__.py", line 126, in import_module
    return _bootstrap._gcd_import(name[level:], package, level)
  File "<frozen importlib._bootstrap>", line 1050, in _gcd_import
  File "<frozen importlib._bootstrap>", line 1027, in _find_and_load
  File "<frozen importlib._bootstrap>", line 1006, in _find_and_load_unlocked
  File "<frozen importlib._bootstrap>", line 688, in _load_unlocked
  File "<frozen importlib._bootstrap_external>", line 883, in exec_module
  File "<frozen importlib._bootstrap>", line 241, in _call_with_frames_removed
  File "/lnet/aic/personal/feysab/NPFL101/hearing2translate/inference/sfm/whisper.py", line 1, in <module>
    from transformers import pipeline
  File "/home/feysab/.local/lib/python3.10/site-packages/transformers/utils/import_utils.py", line 2320, in __getattr__
    raise ModuleNotFoundError(
ModuleNotFoundError: Could not import module 'pipeline'. Are this object's requirements defined correctly?
