INFO:root:Loading model seamlessm4t
INFO:root:Setting transformers seed to 42 for reproducibility.
/usr/lib/python3/dist-packages/scipy/__init__.py:146: UserWarning: A NumPy version >=1.17.3 and <1.25.0 is required for this version of SciPy (detected version 2.2.6
  warnings.warn(f"A NumPy version >={np_minversion} and <{np_maxversion}"
Traceback (most recent call last):
  File "/home/feysab/.local/lib/python3.10/site-packages/transformers/utils/import_utils.py", line 1817, in _get_module
    return importlib.import_module("." + module_name, self.__name__)
  File "/usr/lib/python3.10/importlib/__init__.py", line 126, in import_module
    return _bootstrap._gcd_import(name[level:], package, level)
  File "<frozen importlib._bootstrap>", line 1050, in _gcd_import
  File "<frozen importlib._bootstrap>", line 1027, in _find_and_load
  File "<frozen importlib._bootstrap>", line 1006, in _find_and_load_unlocked
  File "<frozen importlib._bootstrap>", line 688, in _load_unlocked
  File "<frozen importlib._bootstrap_external>", line 883, in exec_module
  File "<frozen importlib._bootstrap>", line 241, in _call_with_frames_removed
  File "/home/feysab/.local/lib/python3.10/site-packages/transformers/generation/utils.py", line 53, in <module>
    from .candidate_generator import (
  File "/home/feysab/.local/lib/python3.10/site-packages/transformers/generation/candidate_generator.py", line 26, in <module>
    from sklearn.metrics import roc_curve
  File "/home/feysab/.local/lib/python3.10/site-packages/sklearn/__init__.py", line 73, in <module>
    from .base import clone  # noqa: E402
  File "/home/feysab/.local/lib/python3.10/site-packages/sklearn/base.py", line 19, in <module>
    from .utils._metadata_requests import _MetadataRequester, _routing_enabled
  File "/home/feysab/.local/lib/python3.10/site-packages/sklearn/utils/__init__.py", line 9, in <module>
    from ._chunking import gen_batches, gen_even_slices
  File "/home/feysab/.local/lib/python3.10/site-packages/sklearn/utils/_chunking.py", line 11, in <module>
    from ._param_validation import Interval, validate_params
  File "/home/feysab/.local/lib/python3.10/site-packages/sklearn/utils/_param_validation.py", line 14, in <module>
    from scipy.sparse import csr_matrix, issparse
  File "/usr/lib/python3/dist-packages/scipy/sparse/__init__.py", line 269, in <module>
    from ._lil import *
  File "/usr/lib/python3/dist-packages/scipy/sparse/_lil.py", line 16, in <module>
    from . import _csparsetools
  File "_csparsetools.pyx", line 1, in init scipy.sparse._csparsetools
ValueError: numpy.dtype size changed, may indicate binary incompatibility. Expected 96 from C header, got 88 from PyObject

The above exception was the direct cause of the following exception:

Traceback (most recent call last):
  File "/home/feysab/.local/lib/python3.10/site-packages/transformers/utils/import_utils.py", line 1817, in _get_module
    return importlib.import_module("." + module_name, self.__name__)
  File "/usr/lib/python3.10/importlib/__init__.py", line 126, in import_module
    return _bootstrap._gcd_import(name[level:], package, level)
  File "<frozen importlib._bootstrap>", line 1050, in _gcd_import
  File "<frozen importlib._bootstrap>", line 1027, in _find_and_load
  File "<frozen importlib._bootstrap>", line 1006, in _find_and_load_unlocked
  File "<frozen importlib._bootstrap>", line 688, in _load_unlocked
  File "<frozen importlib._bootstrap_external>", line 883, in exec_module
  File "<frozen importlib._bootstrap>", line 241, in _call_with_frames_removed
  File "/home/feysab/.local/lib/python3.10/site-packages/transformers/models/auto/processing_auto.py", line 32, in <module>
    from .auto_factory import _LazyAutoMapping
  File "/home/feysab/.local/lib/python3.10/site-packages/transformers/models/auto/auto_factory.py", line 40, in <module>
    from ...generation import GenerationMixin
  File "<frozen importlib._bootstrap>", line 1075, in _handle_fromlist
  File "/home/feysab/.local/lib/python3.10/site-packages/transformers/utils/import_utils.py", line 1805, in __getattr__
    module = self._get_module(self._class_to_module[name])
  File "/home/feysab/.local/lib/python3.10/site-packages/transformers/utils/import_utils.py", line 1819, in _get_module
    raise RuntimeError(
RuntimeError: Failed to import transformers.generation.utils because of the following error (look up to see its traceback):
numpy.dtype size changed, may indicate binary incompatibility. Expected 96 from C header, got 88 from PyObject

The above exception was the direct cause of the following exception:

Traceback (most recent call last):
  File "/lnet/aic/personal/feysab/NPFL101/hearing2translate/infer.py", line 242, in <module>
    infer(args)
  File "/lnet/aic/personal/feysab/NPFL101/hearing2translate/infer.py", line 156, in infer
    model, generate = setup_model(args.model, modality)
  File "/lnet/aic/personal/feysab/NPFL101/hearing2translate/infer.py", line 59, in setup_model
    module = importlib.import_module(module_name)
  File "/usr/lib/python3.10/importlib/__init__.py", line 126, in import_module
    return _bootstrap._gcd_import(name[level:], package, level)
  File "<frozen importlib._bootstrap>", line 1050, in _gcd_import
  File "<frozen importlib._bootstrap>", line 1027, in _find_and_load
  File "<frozen importlib._bootstrap>", line 1006, in _find_and_load_unlocked
  File "<frozen importlib._bootstrap>", line 688, in _load_unlocked
  File "<frozen importlib._bootstrap_external>", line 883, in exec_module
  File "<frozen importlib._bootstrap>", line 241, in _call_with_frames_removed
  File "/lnet/aic/personal/feysab/NPFL101/hearing2translate/inference/sfm/seamlessm4t.py", line 1, in <module>
    from transformers import AutoProcessor, SeamlessM4Tv2Model
  File "<frozen importlib._bootstrap>", line 1075, in _handle_fromlist
  File "/home/feysab/.local/lib/python3.10/site-packages/transformers/utils/import_utils.py", line 1806, in __getattr__
    value = getattr(module, name)
  File "/home/feysab/.local/lib/python3.10/site-packages/transformers/utils/import_utils.py", line 1805, in __getattr__
    module = self._get_module(self._class_to_module[name])
  File "/home/feysab/.local/lib/python3.10/site-packages/transformers/utils/import_utils.py", line 1819, in _get_module
    raise RuntimeError(
RuntimeError: Failed to import transformers.models.auto.processing_auto because of the following error (look up to see its traceback):
Failed to import transformers.generation.utils because of the following error (look up to see its traceback):
numpy.dtype size changed, may indicate binary incompatibility. Expected 96 from C header, got 88 from PyObject
